Themida - Advanced Windows Software Protection System  [Version 2.4.6.0 ]

Protection Options for C-AutoCardMaster.exe
-------------------------------------------

Macros Information
------------------
VM Macros: 6
ENCRYPT Macros: 0
CLEAR Macros: 0
MUTATE Macros: 0
STR_ENCRYPT Macros: 0
CHECK_PROTECTION Macros: 0
CHECK_CODE_INTEGRITY Macros: 0
CHECK_VIRTUAL_PC Macros: 0


Protection Options
------------------
Anti-Debugger: Ultra
Anti-Dumpers: ENABLED
Entry Point Ofuscation: ENABLED
Taggant Information: DISABLED
Resource Encryption: ENABLED
VMWare compatible: ENABLED
API-Wrapping Level: Disable
Anti-Patching: None
Memory Guard: ENABLED
When Debugger Found: Crash Application
Application compression: ENABLED
Resources compression: DISABLED
SecureEngine compression: ENABLED
Anti-File Monitor: ENABLED
Anti-Registry Monitor: ENABLED
Anti-Sandbox tools: ENABLED
Delphi/BCB form protection: ENABLED


Virtual Machine Settings
------------------------
Automatic handling of Virtual Machines: ENABLED
Force Integrity Checks: ENABLED
Virtual Machines Inserted: 
--> TIGER32 (Red)


Advanced Protection Options
---------------------------
Encrypt Application: ENABLED
DLL plugin: DISABLED
Hide from PE scanners: Type 3
.NET assemblies: ENABLED
Active Context: DISABLED
Add Manifest: Don't add manifest


XBundler files
--------------
No files to bundle
